
========================[ May 18, 2011 12:07 PM ]========================
Version 2.2.22 [Sep-27-2009]
Started database file "/tmp/cZv5Ir_D1X/0"
Formatted 4 sequences in volume 0
SUCCESS: formatted database /tmp/cZv5Ir_D1X/0

========================[ May 18, 2011 12:07 PM ]========================
Version 2.2.22 [Sep-27-2009]
Started database file "/tmp/cZv5Ir_D1X/1"
Formatted 2 sequences in volume 0
SUCCESS: formatted database /tmp/cZv5Ir_D1X/1

========================[ May 18, 2011 12:08 PM ]========================
Version 2.2.22 [Sep-27-2009]
Started database file "/tmp/wMXxMUnSGE/0"
Formatted 4 sequences in volume 0
SUCCESS: formatted database /tmp/wMXxMUnSGE/0

========================[ May 18, 2011 12:08 PM ]========================
Version 2.2.22 [Sep-27-2009]
Started database file "/tmp/wMXxMUnSGE/1"
Formatted 2 sequences in volume 0
SUCCESS: formatted database /tmp/wMXxMUnSGE/1

========================[ May 18, 2011 12:09 PM ]========================
Version 2.2.22 [Sep-27-2009]
Started database file "/tmp/FF9tixeVcQ/0"
Formatted 4 sequences in volume 0
SUCCESS: formatted database /tmp/FF9tixeVcQ/0

========================[ May 18, 2011 12:09 PM ]========================
Version 2.2.22 [Sep-27-2009]
Started database file "/tmp/FF9tixeVcQ/1"
Formatted 2 sequences in volume 0
SUCCESS: formatted database /tmp/FF9tixeVcQ/1

========================[ May 18, 2011 12:10 PM ]========================
Version 2.2.22 [Sep-27-2009]
Started database file "/tmp/uV2E5sL5Gw/0"
Formatted 4 sequences in volume 0
SUCCESS: formatted database /tmp/uV2E5sL5Gw/0

========================[ May 18, 2011 12:10 PM ]========================
Version 2.2.22 [Sep-27-2009]
Started database file "/tmp/uV2E5sL5Gw/1"
Formatted 2 sequences in volume 0
SUCCESS: formatted database /tmp/uV2E5sL5Gw/1

========================[ May 18, 2011 12:11 PM ]========================
Version 2.2.22 [Sep-27-2009]
Started database file "/tmp/vVSRrK0vZ8/0"
Formatted 4 sequences in volume 0
SUCCESS: formatted database /tmp/vVSRrK0vZ8/0

========================[ May 18, 2011 12:11 PM ]========================
Version 2.2.22 [Sep-27-2009]
Started database file "/tmp/vVSRrK0vZ8/1"
Formatted 2 sequences in volume 0
SUCCESS: formatted database /tmp/vVSRrK0vZ8/1

========================[ May 18, 2011 12:26 PM ]========================
Version 2.2.22 [Sep-27-2009]
Started database file "/tmp/_m21Azf4nh/0"
Formatted 4 sequences in volume 0
SUCCESS: formatted database /tmp/_m21Azf4nh/0

========================[ May 18, 2011 12:26 PM ]========================
Version 2.2.22 [Sep-27-2009]
Started database file "/tmp/_m21Azf4nh/1"
Formatted 2 sequences in volume 0
SUCCESS: formatted database /tmp/_m21Azf4nh/1

========================[ May 18, 2011 12:27 PM ]========================
Version 2.2.22 [Sep-27-2009]
Started database file "/tmp/L_VyEaakgR/0"
Formatted 4 sequences in volume 0
SUCCESS: formatted database /tmp/L_VyEaakgR/0

========================[ May 18, 2011 12:27 PM ]========================
Version 2.2.22 [Sep-27-2009]
Started database file "/tmp/L_VyEaakgR/1"
Formatted 2 sequences in volume 0
SUCCESS: formatted database /tmp/L_VyEaakgR/1

========================[ May 18, 2011 12:29 PM ]========================
Version 2.2.22 [Sep-27-2009]
Started database file "/tmp/Q9IHHO5CHD/0"
Formatted 4 sequences in volume 0
SUCCESS: formatted database /tmp/Q9IHHO5CHD/0

========================[ May 18, 2011 12:29 PM ]========================
Version 2.2.22 [Sep-27-2009]
Started database file "/tmp/Q9IHHO5CHD/1"
Formatted 2 sequences in volume 0
SUCCESS: formatted database /tmp/Q9IHHO5CHD/1

========================[ May 18, 2011 12:33 PM ]========================
Version 2.2.22 [Sep-27-2009]
Started database file "/tmp/LfvpnvI7lo/0"
Formatted 4 sequences in volume 0
SUCCESS: formatted database /tmp/LfvpnvI7lo/0

========================[ May 18, 2011 12:33 PM ]========================
Version 2.2.22 [Sep-27-2009]
Started database file "/tmp/LfvpnvI7lo/1"
Formatted 2 sequences in volume 0
SUCCESS: formatted database /tmp/LfvpnvI7lo/1

========================[ May 18, 2011 12:34 PM ]========================
Version 2.2.22 [Sep-27-2009]
Started database file "/tmp/uawgJCEcH_/0"
Formatted 4 sequences in volume 0
SUCCESS: formatted database /tmp/uawgJCEcH_/0

========================[ May 18, 2011 12:34 PM ]========================
Version 2.2.22 [Sep-27-2009]
Started database file "/tmp/uawgJCEcH_/1"
Formatted 2 sequences in volume 0
SUCCESS: formatted database /tmp/uawgJCEcH_/1

========================[ May 18, 2011 12:38 PM ]========================
Version 2.2.22 [Sep-27-2009]
Started database file "/tmp/6zzwdclk5L/0"
Formatted 4 sequences in volume 0
SUCCESS: formatted database /tmp/6zzwdclk5L/0

========================[ May 18, 2011 12:38 PM ]========================
Version 2.2.22 [Sep-27-2009]
Started database file "/tmp/6zzwdclk5L/1"
Formatted 2 sequences in volume 0
SUCCESS: formatted database /tmp/6zzwdclk5L/1

========================[ May 18, 2011 12:39 PM ]========================
Version 2.2.22 [Sep-27-2009]
Started database file "/tmp/ZcPW6o39Zo/0"
Formatted 4 sequences in volume 0
SUCCESS: formatted database /tmp/ZcPW6o39Zo/0

========================[ May 18, 2011 12:39 PM ]========================
Version 2.2.22 [Sep-27-2009]
Started database file "/tmp/ZcPW6o39Zo/1"
Formatted 2 sequences in volume 0
SUCCESS: formatted database /tmp/ZcPW6o39Zo/1

========================[ May 18, 2011 12:40 PM ]========================
Version 2.2.22 [Sep-27-2009]
Started database file "/tmp/eklR7hLG1l/0"
Formatted 4 sequences in volume 0
SUCCESS: formatted database /tmp/eklR7hLG1l/0

========================[ May 18, 2011 12:40 PM ]========================
Version 2.2.22 [Sep-27-2009]
Started database file "/tmp/eklR7hLG1l/1"
Formatted 2 sequences in volume 0
SUCCESS: formatted database /tmp/eklR7hLG1l/1

========================[ May 18, 2011 12:41 PM ]========================
Version 2.2.22 [Sep-27-2009]
Started database file "/tmp/t1jcIIguDB/0"
Formatted 4 sequences in volume 0
SUCCESS: formatted database /tmp/t1jcIIguDB/0

========================[ May 18, 2011 12:41 PM ]========================
Version 2.2.22 [Sep-27-2009]
Started database file "/tmp/t1jcIIguDB/1"
Formatted 2 sequences in volume 0
SUCCESS: formatted database /tmp/t1jcIIguDB/1

========================[ May 18, 2011 12:42 PM ]========================
Version 2.2.22 [Sep-27-2009]
Started database file "/tmp/SjqlRKCn1x/0"
Formatted 4 sequences in volume 0
SUCCESS: formatted database /tmp/SjqlRKCn1x/0

========================[ May 18, 2011 12:42 PM ]========================
Version 2.2.22 [Sep-27-2009]
Started database file "/tmp/SjqlRKCn1x/1"
Formatted 2 sequences in volume 0
SUCCESS: formatted database /tmp/SjqlRKCn1x/1

========================[ May 18, 2011 12:42 PM ]========================
Version 2.2.22 [Sep-27-2009]
Started database file "/tmp/Iyb3kNMEH6/0"
Formatted 4 sequences in volume 0
SUCCESS: formatted database /tmp/Iyb3kNMEH6/0

========================[ May 18, 2011 12:42 PM ]========================
Version 2.2.22 [Sep-27-2009]
Started database file "/tmp/Iyb3kNMEH6/1"
Formatted 2 sequences in volume 0
SUCCESS: formatted database /tmp/Iyb3kNMEH6/1

========================[ May 18, 2011 12:56 PM ]========================
Version 2.2.22 [Sep-27-2009]
Started database file "/tmp/LQKkxJxZwd/0"
Formatted 4 sequences in volume 0
SUCCESS: formatted database /tmp/LQKkxJxZwd/0

========================[ May 18, 2011 12:56 PM ]========================
Version 2.2.22 [Sep-27-2009]
Started database file "/tmp/LQKkxJxZwd/1"
Formatted 2 sequences in volume 0
SUCCESS: formatted database /tmp/LQKkxJxZwd/1

========================[ May 18, 2011  1:01 PM ]========================
Version 2.2.22 [Sep-27-2009]
Started database file "/tmp/77RHeRRU8e/0"
Formatted 4 sequences in volume 0
SUCCESS: formatted database /tmp/77RHeRRU8e/0

========================[ May 18, 2011  1:01 PM ]========================
Version 2.2.22 [Sep-27-2009]
Started database file "/tmp/77RHeRRU8e/1"
Formatted 2 sequences in volume 0
SUCCESS: formatted database /tmp/77RHeRRU8e/1

========================[ May 18, 2011  1:02 PM ]========================
Version 2.2.22 [Sep-27-2009]
Started database file "/tmp/4oIgsEJYW7/0"
Formatted 4 sequences in volume 0
SUCCESS: formatted database /tmp/4oIgsEJYW7/0

========================[ May 18, 2011  1:02 PM ]========================
Version 2.2.22 [Sep-27-2009]
Started database file "/tmp/4oIgsEJYW7/1"
Formatted 2 sequences in volume 0
SUCCESS: formatted database /tmp/4oIgsEJYW7/1

========================[ May 18, 2011  1:05 PM ]========================
Version 2.2.22 [Sep-27-2009]
Started database file "/tmp/6lWGZ737E6/0"
Formatted 4 sequences in volume 0
SUCCESS: formatted database /tmp/6lWGZ737E6/0

========================[ May 18, 2011  1:05 PM ]========================
Version 2.2.22 [Sep-27-2009]
Started database file "/tmp/6lWGZ737E6/1"
Formatted 2 sequences in volume 0
SUCCESS: formatted database /tmp/6lWGZ737E6/1

========================[ May 18, 2011  1:07 PM ]========================
Version 2.2.22 [Sep-27-2009]
Started database file "/tmp/RDCigR94PE/0"
Formatted 4 sequences in volume 0
SUCCESS: formatted database /tmp/RDCigR94PE/0

========================[ May 18, 2011  1:07 PM ]========================
Version 2.2.22 [Sep-27-2009]
Started database file "/tmp/RDCigR94PE/1"
Formatted 2 sequences in volume 0
SUCCESS: formatted database /tmp/RDCigR94PE/1

========================[ May 18, 2011  1:10 PM ]========================
Version 2.2.22 [Sep-27-2009]
Started database file "/tmp/tkxXW9My8P/0"
Formatted 4 sequences in volume 0
SUCCESS: formatted database /tmp/tkxXW9My8P/0

========================[ May 18, 2011  1:10 PM ]========================
Version 2.2.22 [Sep-27-2009]
Started database file "/tmp/tkxXW9My8P/1"
Formatted 2 sequences in volume 0
SUCCESS: formatted database /tmp/tkxXW9My8P/1

========================[ May 18, 2011  1:20 PM ]========================
Version 2.2.22 [Sep-27-2009]
Started database file "/tmp/4k92pkgUfq/0"
Formatted 4 sequences in volume 0
SUCCESS: formatted database /tmp/4k92pkgUfq/0

========================[ May 18, 2011  1:20 PM ]========================
Version 2.2.22 [Sep-27-2009]
Started database file "/tmp/4k92pkgUfq/1"
Formatted 2 sequences in volume 0
SUCCESS: formatted database /tmp/4k92pkgUfq/1

========================[ May 18, 2011  1:21 PM ]========================
Version 2.2.22 [Sep-27-2009]
Started database file "/tmp/LU0bVkprxS/0"
Formatted 4 sequences in volume 0
SUCCESS: formatted database /tmp/LU0bVkprxS/0

========================[ May 18, 2011  1:21 PM ]========================
Version 2.2.22 [Sep-27-2009]
Started database file "/tmp/LU0bVkprxS/1"
Formatted 2 sequences in volume 0
SUCCESS: formatted database /tmp/LU0bVkprxS/1

========================[ May 18, 2011  1:24 PM ]========================
Version 2.2.22 [Sep-27-2009]
Started database file "/tmp/Nrwwww9tML/0"
Formatted 4 sequences in volume 0
SUCCESS: formatted database /tmp/Nrwwww9tML/0

========================[ May 18, 2011  1:24 PM ]========================
Version 2.2.22 [Sep-27-2009]
Started database file "/tmp/Nrwwww9tML/1"
Formatted 2 sequences in volume 0
SUCCESS: formatted database /tmp/Nrwwww9tML/1
